d:\project\vısual studıo 2015\projects\turkıengıne\turkıengıne\debug\vc140.pdb
d:\project\vısual studıo 2015\projects\turkıengıne\turkıengıne\debug\vc140.ıdb
d:\project\vısual studıo 2015\projects\turkıengıne\turkıengıne\debug\game.obj
d:\project\vısual studıo 2015\projects\turkıengıne\turkıengıne\debug\gameobject.obj
d:\project\vısual studıo 2015\projects\turkıengıne\turkıengıne\debug\shaders.obj
d:\project\vısual studıo 2015\projects\turkıengıne\turkıengıne\debug\vertex.obj
d:\project\vısual studıo 2015\projects\turkıengıne\turkıengıne\debug\ımagemanager.obj
d:\project\vısual studıo 2015\projects\turkıengıne\turkıengıne\debug\maın.obj
d:\project\vısual studıo 2015\projects\turkıengıne\turkıengıne\debug\matrıs4.obj
d:\project\vısual studıo 2015\projects\turkıengıne\turkıengıne\debug\vector2.obj
d:\project\vısual studıo 2015\projects\turkıengıne\turkıengıne\debug\vector3.obj
d:\project\vısual studıo 2015\projects\turkıengıne\turkıengıne\debug\vector4.obj
d:\project\vısual studıo 2015\projects\turkıengıne\turkıengıne\debug\shapegenerator.obj
d:\project\vısual studıo 2015\projects\turkıengıne\turkıengıne\debug\soundmanager.obj
d:\project\vısual studıo 2015\projects\turkıengıne\turkıengıne\debug\wındow.obj
d:\project\vısual studıo 2015\projects\turkıengıne\turkıengıne\debug\buffer.obj
d:\project\vısual studıo 2015\projects\turkıengıne\turkıengıne\debug\ındexbuffer.obj
d:\project\vısual studıo 2015\projects\turkıengıne\turkıengıne\debug\vertexarray.obj
d:\project\vısual studıo 2015\projects\turkıengıne\turkıengıne\debug\turkıengıne1.res
d:\project\visual studio 2015\projects\turkiengine\turkiengine\debug\buffer.obj
d:\project\visual studio 2015\projects\turkiengine\turkiengine\debug\game.obj
d:\project\visual studio 2015\projects\turkiengine\turkiengine\debug\gameobject.obj
d:\project\visual studio 2015\projects\turkiengine\turkiengine\debug\ımagemanager.obj
d:\project\visual studio 2015\projects\turkiengine\turkiengine\debug\ındexbuffer.obj
d:\project\visual studio 2015\projects\turkiengine\turkiengine\debug\main.obj
d:\project\visual studio 2015\projects\turkiengine\turkiengine\debug\matris4.obj
d:\project\visual studio 2015\projects\turkiengine\turkiengine\debug\shaders.obj
d:\project\visual studio 2015\projects\turkiengine\turkiengine\debug\shapegenerator.obj
d:\project\visual studio 2015\projects\turkiengine\turkiengine\debug\soundmanager.obj
d:\project\visual studio 2015\projects\turkiengine\turkiengine\debug\vector2.obj
d:\project\visual studio 2015\projects\turkiengine\turkiengine\debug\vector3.obj
d:\project\visual studio 2015\projects\turkiengine\turkiengine\debug\vector4.obj
d:\project\visual studio 2015\projects\turkiengine\turkiengine\debug\vertex.obj
d:\project\visual studio 2015\projects\turkiengine\turkiengine\debug\vertexarray.obj
d:\project\visual studio 2015\projects\turkiengine\turkiengine\debug\window.obj
d:\project\visual studio 2015\projects\turkiengine\turkiengine\debug\turkiengine1.res
d:\project\visual studio 2015\projects\turkiengine\turkiengine\debug\vc140.idb
d:\project\visual studio 2015\projects\turkiengine\turkiengine\debug\vc140.pdb
d:\project\visual studio 2015\projects\turkiengine\debug\turkiengine.pdb
d:\project\visual studio 2015\projects\turkiengine\turkiengine\debug\turkiengine.tlog\cl.command.1.tlog
d:\project\visual studio 2015\projects\turkiengine\turkiengine\debug\turkiengine.tlog\cl.read.1.tlog
d:\project\visual studio 2015\projects\turkiengine\turkiengine\debug\turkiengine.tlog\cl.write.1.tlog
d:\project\visual studio 2015\projects\turkiengine\turkiengine\debug\turkiengine.tlog\link-cvtres.read.1.tlog
d:\project\visual studio 2015\projects\turkiengine\turkiengine\debug\turkiengine.tlog\link-cvtres.write.1.tlog
d:\project\visual studio 2015\projects\turkiengine\turkiengine\debug\turkiengine.tlog\link-rc.read.1.tlog
d:\project\visual studio 2015\projects\turkiengine\turkiengine\debug\turkiengine.tlog\link-rc.write.1.tlog
d:\project\visual studio 2015\projects\turkiengine\turkiengine\debug\turkiengine.tlog\link.9524-cvtres.read.1.tlog
d:\project\visual studio 2015\projects\turkiengine\turkiengine\debug\turkiengine.tlog\link.9524-cvtres.write.1.tlog
d:\project\visual studio 2015\projects\turkiengine\turkiengine\debug\turkiengine.tlog\link.9524-rc.read.1.tlog
d:\project\visual studio 2015\projects\turkiengine\turkiengine\debug\turkiengine.tlog\link.9524-rc.write.1.tlog
d:\project\visual studio 2015\projects\turkiengine\turkiengine\debug\turkiengine.tlog\link.9524.read.1.tlog
d:\project\visual studio 2015\projects\turkiengine\turkiengine\debug\turkiengine.tlog\link.9524.write.1.tlog
d:\project\visual studio 2015\projects\turkiengine\turkiengine\debug\turkiengine.tlog\link.command.1.tlog
d:\project\visual studio 2015\projects\turkiengine\turkiengine\debug\turkiengine.tlog\link.read.1.tlog
d:\project\visual studio 2015\projects\turkiengine\turkiengine\debug\turkiengine.tlog\link.write.1.tlog
d:\project\visual studio 2015\projects\turkiengine\turkiengine\debug\turkiengine.tlog\rc.command.1.tlog
d:\project\visual studio 2015\projects\turkiengine\turkiengine\debug\turkiengine.tlog\rc.read.1.tlog
d:\project\visual studio 2015\projects\turkiengine\turkiengine\debug\turkiengine.tlog\rc.write.1.tlog
