  Window.cpp
  SoundManager.cpp
  Vector4.cpp
  Vector3.cpp
d:\projects\turkiengine\turkiengine\math\vector3.cpp(74): warning C4244: 'initializing': conversion from 'double' to 'float', possible loss of data
  Vector2.cpp
  Matris4.cpp
  main.cpp
d:\projects\turkiengine\turkiengine\main.cpp(184): warning C4244: 'argument': conversion from 'int' to 'float', possible loss of data
d:\projects\turkiengine\turkiengine\main.cpp(290): warning C4244: 'argument': conversion from 'int' to 'float', possible loss of data
  ImageManager.cpp
  VertexArray.cpp
d:\projects\turkiengine\turkiengine\graphic\vertexarray.cpp(11): warning C4018: '<': signed/unsigned mismatch
d:\projects\turkiengine\turkiengine\graphic\vertexarray.cpp(22): warning C4244: 'argument': conversion from 'float' to 'GLint', possible loss of data
  Square.cpp
d:\projects\turkiengine\turkiengine\graphic\square.cpp(62): warning C4244: 'argument': conversion from 'float' to 'GLsizei', possible loss of data
  ShapeGenerator.cpp
  Shaders.cpp
  IndexBuffer.cpp
d:\projects\turkiengine\turkiengine\graphic\indexbuffer.cpp(6): warning C4244: '=': conversion from 'GLsizei' to 'float', possible loss of data
  Cube.cpp
d:\projects\turkiengine\turkiengine\graphic\cube.cpp(78): warning C4244: 'argument': conversion from 'float' to 'GLsizei', possible loss of data
  Circle.cpp
  Camera.cpp
  Buffer.cpp
  GameObjectImage.cpp
  GameObject.cpp
  Game.cpp
d:\projects\turkiengine\turkiengine\game.cpp(34): warning C4244: 'argument': conversion from 'int' to 'float', possible loss of data
  Generating Code...
  TurkiEngine.vcxproj -> D:\Projects\TurkiEngine\Debug\TurkiEngine.exe
  TurkiEngine.vcxproj -> D:\Projects\TurkiEngine\Debug\TurkiEngine.pdb (Partial PDB)
